<?xml version="1.0" encoding="UTF-8"?>
<coverage generated="1709057937822" clover="3.2.0">
  <project timestamp="1709057937822" name="All files">
    <metrics statements="17" coveredstatements="16" conditionals="10" coveredconditionals="10" methods="6" coveredmethods="5" elements="33" coveredelements="31" complexity="0" loc="17" ncloc="17" packages="1" files="3" classes="3"/>
    <file name="arrayss.js" path="C:\Archis\VIT\Archive (13-02-2024)\Year 3\Semester 2\Others\MLSC\Project\RP\unitlinter\arrayss.js">
      <metrics statements="3" coveredstatements="3" conditionals="0" coveredconditionals="0" methods="2" coveredmethods="2"/>
      <line num="1" count="1" type="stmt"/>
      <line num="2" count="10" type="stmt"/>
      <line num="6" count="1" type="stmt"/>
    </file>
    <file name="conditional.js" path="C:\Archis\VIT\Archive (13-02-2024)\Year 3\Semester 2\Others\MLSC\Project\RP\unitlinter\conditional.js">
      <metrics statements="5" coveredstatements="5" conditionals="6" coveredconditionals="6" methods="1" coveredmethods="1"/>
      <line num="1" count="1" type="stmt"/>
      <line num="2" count="3" type="cond" truecount="2" falsecount="0"/>
      <line num="3" count="2" type="cond" truecount="4" falsecount="0"/>
      <line num="5" count="1" type="stmt"/>
      <line num="9" count="1" type="stmt"/>
    </file>
    <file name="equal.js" path="C:\Archis\VIT\Archive (13-02-2024)\Year 3\Semester 2\Others\MLSC\Project\RP\unitlinter\equal.js">
      <metrics statements="9" coveredstatements="8" conditionals="4" coveredconditionals="4" methods="3" coveredmethods="2"/>
      <line num="1" count="1" type="stmt"/>
      <line num="2" count="2" type="cond" truecount="2" falsecount="0"/>
      <line num="3" count="1" type="stmt"/>
      <line num="6" count="1" type="stmt"/>
      <line num="7" count="2" type="cond" truecount="2" falsecount="0"/>
      <line num="8" count="1" type="stmt"/>
      <line num="11" count="1" type="stmt"/>
      <line num="12" count="0" type="stmt"/>
      <line num="15" count="1" type="stmt"/>
    </file>
  </project>
</coverage>
