{"C:\\Archis\\VIT\\Archive (13-02-2024)\\Year 3\\Semester 2\\Others\\MLSC\\Project\\RP\\unitlinter\\arrayss.js": {"path":"C:\\Archis\\VIT\\Archive (13-02-2024)\\Year 3\\Semester 2\\Others\\MLSC\\Project\\RP\\unitlinter\\arrayss.js","statementMap":{"0":{"start":{"line":1,"column":14},"end":{"line":3,"column":1}},"1":{"start":{"line":2,"column":4},"end":{"line":2,"column":31}},"2":{"start":{"line":2,"column":25},"end":{"line":2,"column":29}},"3":{"start":{"line":6,"column":0},"end":{"line":8,"column":1}}},"fnMap":{"0":{"name":"(anonymous_0)","decl":{"start":{"line":1,"column":14},"end":{"line":1,"column":15}},"loc":{"start":{"line":1,"column":19},"end":{"line":3,"column":1}},"line":1},"1":{"name":"(anonymous_1)","decl":{"start":{"line":2,"column":18},"end":{"line":2,"column":19}},"loc":{"start":{"line":2,"column":25},"end":{"line":2,"column":29}},"line":2}},"branchMap":{},"s":{"0":1,"1":2,"2":10,"3":1},"f":{"0":2,"1":10},"b":{},"_coverageSchema":"1a1c01bbd47fc00a2c39e90264f33305004495a9","hash":"5cb2d36b2b5e61744ac31bdc19038c10d55fc724"}
,"C:\\Archis\\VIT\\Archive (13-02-2024)\\Year 3\\Semester 2\\Others\\MLSC\\Project\\RP\\unitlinter\\conditional.js": {"path":"C:\\Archis\\VIT\\Archive (13-02-2024)\\Year 3\\Semester 2\\Others\\MLSC\\Project\\RP\\unitlinter\\conditional.js","statementMap":{"0":{"start":{"line":1,"column":18},"end":{"line":6,"column":1}},"1":{"start":{"line":2,"column":4},"end":{"line":5,"column":17}},"2":{"start":{"line":2,"column":16},"end":{"line":2,"column":25}},"3":{"start":{"line":3,"column":9},"end":{"line":5,"column":17}},"4":{"start":{"line":3,"column":32},"end":{"line":3,"column":41}},"5":{"start":{"line":5,"column":9},"end":{"line":5,"column":17}},"6":{"start":{"line":9,"column":0},"end":{"line":11,"column":1}}},"fnMap":{"0":{"name":"(anonymous_0)","decl":{"start":{"line":1,"column":18},"end":{"line":1,"column":19}},"loc":{"start":{"line":1,"column":25},"end":{"line":6,"column":1}},"line":1}},"branchMap":{"0":{"loc":{"start":{"line":2,"column":4},"end":{"line":5,"column":17}},"type":"if","locations":[{"start":{"line":2,"column":4},"end":{"line":5,"column":17}},{"start":{"line":3,"column":9},"end":{"line":5,"column":17}}],"line":2},"1":{"loc":{"start":{"line":3,"column":9},"end":{"line":5,"column":17}},"type":"if","locations":[{"start":{"line":3,"column":9},"end":{"line":5,"column":17}},{"start":{"line":5,"column":9},"end":{"line":5,"column":17}}],"line":3},"2":{"loc":{"start":{"line":3,"column":13},"end":{"line":3,"column":30}},"type":"binary-expr","locations":[{"start":{"line":3,"column":13},"end":{"line":3,"column":20}},{"start":{"line":3,"column":24},"end":{"line":3,"column":30}}],"line":3}},"s":{"0":1,"1":3,"2":1,"3":2,"4":1,"5":1,"6":1},"f":{"0":3},"b":{"0":[1,2],"1":[1,1],"2":[2,2]},"_coverageSchema":"1a1c01bbd47fc00a2c39e90264f33305004495a9","hash":"6e95165bb9fe1d8346f470032ae27823b2da018b"}
,"C:\\Archis\\VIT\\Archive (13-02-2024)\\Year 3\\Semester 2\\Others\\MLSC\\Project\\RP\\unitlinter\\equal.js": {"path":"C:\\Archis\\VIT\\Archive (13-02-2024)\\Year 3\\Semester 2\\Others\\MLSC\\Project\\RP\\unitlinter\\equal.js","statementMap":{"0":{"start":{"line":1,"column":16},"end":{"line":4,"column":1}},"1":{"start":{"line":2,"column":4},"end":{"line":3,"column":21}},"2":{"start":{"line":2,"column":16},"end":{"line":2,"column":27}},"3":{"start":{"line":3,"column":9},"end":{"line":3,"column":21}},"4":{"start":{"line":6,"column":13},"end":{"line":9,"column":1}},"5":{"start":{"line":7,"column":4},"end":{"line":7,"column":61}},"6":{"start":{"line":7,"column":30},"end":{"line":7,"column":61}},"7":{"start":{"line":8,"column":4},"end":{"line":8,"column":15}},"8":{"start":{"line":11,"column":13},"end":{"line":13,"column":1}},"9":{"start":{"line":12,"column":4},"end":{"line":12,"column":34}},"10":{"start":{"line":15,"column":0},"end":{"line":19,"column":1}}},"fnMap":{"0":{"name":"(anonymous_0)","decl":{"start":{"line":1,"column":16},"end":{"line":1,"column":17}},"loc":{"start":{"line":1,"column":23},"end":{"line":4,"column":1}},"line":1},"1":{"name":"(anonymous_1)","decl":{"start":{"line":6,"column":13},"end":{"line":6,"column":14}},"loc":{"start":{"line":6,"column":18},"end":{"line":9,"column":1}},"line":6},"2":{"name":"(anonymous_2)","decl":{"start":{"line":11,"column":13},"end":{"line":11,"column":14}},"loc":{"start":{"line":11,"column":17},"end":{"line":13,"column":1}},"line":11}},"branchMap":{"0":{"loc":{"start":{"line":2,"column":4},"end":{"line":3,"column":21}},"type":"if","locations":[{"start":{"line":2,"column":4},"end":{"line":3,"column":21}},{"start":{"line":3,"column":9},"end":{"line":3,"column":21}}],"line":2},"1":{"loc":{"start":{"line":7,"column":4},"end":{"line":7,"column":61}},"type":"if","locations":[{"start":{"line":7,"column":4},"end":{"line":7,"column":61}},{"start":{},"end":{}}],"line":7}},"s":{"0":1,"1":2,"2":1,"3":1,"4":1,"5":2,"6":1,"7":1,"8":1,"9":0,"10":1},"f":{"0":2,"1":2,"2":0},"b":{"0":[1,1],"1":[1,1]},"_coverageSchema":"1a1c01bbd47fc00a2c39e90264f33305004495a9","hash":"9fd6f2269b1507fd44b767f5c4d3f1aecdb52c99"}
}
