{"C:\\Users\\Dell\\Desktop\\New folder\\cloneArray.js": {"path":"C:\\Users\\Dell\\Desktop\\New folder\\cloneArray.js","statementMap":{"0":{"start":{"line":2,"column":4},"end":{"line":2,"column":21}},"1":{"start":{"line":5,"column":0},"end":{"line":5,"column":27}}},"fnMap":{"0":{"name":"cloneArray","decl":{"start":{"line":1,"column":9},"end":{"line":1,"column":19}},"loc":{"start":{"line":1,"column":27},"end":{"line":3,"column":1}},"line":1}},"branchMap":{},"s":{"0":2,"1":1},"f":{"0":2},"b":{},"_coverageSchema":"1a1c01bbd47fc00a2c39e90264f33305004495a9","hash":"620a75f023d0d4a08fe6e83e62ceab79ebeaecdb"}
,"C:\\Users\\Dell\\Desktop\\New folder\\eng-spa.js": {"path":"C:\\Users\\Dell\\Desktop\\New folder\\eng-spa.js","statementMap":{"0":{"start":{"line":1,"column":20},"end":{"line":1,"column":27}},"1":{"start":{"line":2,"column":20},"end":{"line":2,"column":26}},"2":{"start":{"line":5,"column":4},"end":{"line":10,"column":5}},"3":{"start":{"line":7,"column":12},"end":{"line":7,"column":28}},"4":{"start":{"line":9,"column":12},"end":{"line":9,"column":27}},"5":{"start":{"line":17,"column":0},"end":{"line":17,"column":30}}},"fnMap":{"0":{"name":"getHelloLink","decl":{"start":{"line":4,"column":9},"end":{"line":4,"column":21}},"loc":{"start":{"line":4,"column":32},"end":{"line":15,"column":1}},"line":4}},"branchMap":{"0":{"loc":{"start":{"line":5,"column":4},"end":{"line":10,"column":5}},"type":"switch","locations":[{"start":{"line":6,"column":8},"end":{"line":7,"column":28}},{"start":{"line":8,"column":8},"end":{"line":9,"column":27}}],"line":5}},"s":{"0":1,"1":1,"2":2,"3":1,"4":1,"5":1},"f":{"0":2},"b":{"0":[1,1]},"_coverageSchema":"1a1c01bbd47fc00a2c39e90264f33305004495a9","hash":"923474543647c74f06b4b5ef35c4bdfbe74dfa89"}
,"C:\\Users\\Dell\\Desktop\\New folder\\subtract.js": {"path":"C:\\Users\\Dell\\Desktop\\New folder\\subtract.js","statementMap":{"0":{"start":{"line":2,"column":4},"end":{"line":2,"column":16}},"1":{"start":{"line":5,"column":0},"end":{"line":5,"column":25}}},"fnMap":{"0":{"name":"subtract","decl":{"start":{"line":1,"column":9},"end":{"line":1,"column":17}},"loc":{"start":{"line":1,"column":24},"end":{"line":3,"column":1}},"line":1}},"branchMap":{},"s":{"0":1,"1":1},"f":{"0":1},"b":{},"_coverageSchema":"1a1c01bbd47fc00a2c39e90264f33305004495a9","hash":"5296b19292457af3e3757f1eea476af5dd8936aa"}
,"C:\\Users\\Dell\\Desktop\\New folder\\sum.js": {"path":"C:\\Users\\Dell\\Desktop\\New folder\\sum.js","statementMap":{"0":{"start":{"line":2,"column":4},"end":{"line":2,"column":16}},"1":{"start":{"line":12,"column":0},"end":{"line":12,"column":20}}},"fnMap":{"0":{"name":"sum","decl":{"start":{"line":1,"column":9},"end":{"line":1,"column":12}},"loc":{"start":{"line":1,"column":19},"end":{"line":3,"column":1}},"line":1}},"branchMap":{},"s":{"0":1,"1":1},"f":{"0":1},"b":{},"_coverageSchema":"1a1c01bbd47fc00a2c39e90264f33305004495a9","hash":"4240008a97bef74f2290aa6bf9673a2e28a3cd6a"}
}
